Using pre-set license
Built from '2020.3/staging' branch; Version is '2020.3.5f1 (8095aa901b9b) revision 8426922'; Using compiler version '192528614'; Build Type 'Release'
OS: 'Windows 10 Pro for Workstations; OS build 19042.1237; Version 2009; 64bit' Language: 'fr' Physical Memory: 32450 MB
BatchMode: 1, IsHumanControllingUs: 0, StartBugReporterOnCrash: 0, Is64bit: 1, IsPro: 0

 COMMAND LINE ARGUMENTS:
C:\Users\Etudiant\Documents\Unity Project\2020.3.5f1\Editor\Unity.exe
-adb2
-batchMode
-noUpm
-name
AssetImportWorker0
-projectPath
C:/Users/Etudiant/Documents/Github/EtageReception/EtageReception
-logFile
Logs/AssetImportWorker0.log
-srvPort
53609
Successfully changed project path to: C:/Users/Etudiant/Documents/Github/EtageReception/EtageReception
C:/Users/Etudiant/Documents/Github/EtageReception/EtageReception
Using Asset Import Pipeline V2.
Refreshing native plugins compatible for Editor in 93.30 ms, found 0 plugins.
Preloading 0 native plugins for Editor in 0.00 ms.
Initialize engine version: 2020.3.5f1 (8095aa901b9b)
[Subsystems] Discovering subsystems at path C:/Users/Etudiant/Documents/Unity Project/2020.3.5f1/Editor/Data/Resources/UnitySubsystems
[Subsystems] Discovering subsystems at path C:/Users/Etudiant/Documents/Github/EtageReception/EtageReception/Assets
GfxDevice: creating device client; threaded=0
Direct3D:
    Version:  Direct3D 11.0 [level 11.1]
    Renderer: NVIDIA Quadro RTX 4000 (ID=0x1eb1)
    Vendor:   
    VRAM:     8018 MB
    Driver:   27.21.14.6231
Initialize mono
Mono path[0] = 'C:/Users/Etudiant/Documents/Unity Project/2020.3.5f1/Editor/Data/Managed'
Mono path[1] = 'C:/Users/Etudiant/Documents/Unity Project/2020.3.5f1/Editor/Data/MonoBleedingEdge/lib/mono/unityjit'
Mono config path = 'C:/Users/Etudiant/Documents/Unity Project/2020.3.5f1/Editor/Data/MonoBleedingEdge/etc'
Using monoOptions --debugger-agent=transport=dt_socket,embedding=1,server=y,suspend=n,address=127.0.0.1:56772
Begin MonoManager ReloadAssembly
Registering precompiled unity dll's ...
Register platform support module: C:/Users/Etudiant/Documents/Unity Project/2020.3.5f1/Editor/Data/PlaybackEngines/WindowsStandaloneSupport/UnityEditor.WindowsStandalone.Extensions.dll
Registered in 0.001566 seconds.
Native extension for WindowsStandalone target not found
Refreshing native plugins compatible for Editor in 70.91 ms, found 0 plugins.
Preloading 0 native plugins for Editor in 0.00 ms.
Mono: successfully reloaded assembly
- Completed reload, in  1.995 seconds
Platform modules already initialized, skipping
Registering precompiled user dll's ...
Registered in 0.001803 seconds.
Begin MonoManager ReloadAssembly
Native extension for WindowsStandalone target not found
Refreshing native plugins compatible for Editor in 95.25 ms, found 0 plugins.
Preloading 0 native plugins for Editor in 0.00 ms.
Mono: successfully reloaded assembly
- Completed reload, in  1.518 seconds
Platform modules already initialized, skipping
========================================================================
Worker process is ready to serve import requests
Launched and connected shader compiler UnityShaderCompiler.exe after 0.04 seconds
Refreshing native plugins compatible for Editor in 1.16 ms, found 0 plugins.
Preloading 0 native plugins for Editor in 0.00 ms.
Unloading 3494 Unused Serialized files (Serialized files now loaded: 0)
System memory in use before: 170.0 MB.
System memory in use after: 166.1 MB.

Unloading 45 unused Assets to reduce memory usage. Loaded Objects now: 3919.
Total: 11.583000 ms (FindLiveObjects: 1.057400 ms CreateObjectMapping: 0.451900 ms MarkObjects: 5.282900 ms  DeleteObjects: 4.788000 ms)

========================================================================
Received Import Request.
  path: Assets/SampleSceneAssets/TutorialInfo/Readme.asset
  artifactKey: Guid(83c2ed844a8c74b779a4c823d16594b1) Importer(815301076,1909f56bfc062723c751e8b465ee728b)
Start importing Assets/SampleSceneAssets/TutorialInfo/Readme.asset using Guid(83c2ed844a8c74b779a4c823d16594b1) Importer(815301076,1909f56bfc062723c751e8b465ee728b)  -> (artifact id: 'b3039578bf6f9ff2faf0de051930539e') in 0.067387 seconds
  Import took 0.077962 seconds .

========================================================================
Received Import Request.
  Time since last request: 39.853299 seconds.
  path: Assets
  artifactKey: Guid(00000000000000001000000000000000) Importer(815301076,1909f56bfc062723c751e8b465ee728b)
Start importing Assets using Guid(00000000000000001000000000000000) Importer(815301076,1909f56bfc062723c751e8b465ee728b)  -> (artifact id: 'e4856052512617ee48189cf1d7999900') in 0.008354 seconds
  Import took 0.019345 seconds .

========================================================================
Received Import Request.
  Time since last request: 0.009950 seconds.
  path: Assets
  artifactKey: Guid(00000000000000001000000000000000) Importer(815301076,1909f56bfc062723c751e8b465ee728b)
Start importing Assets using Guid(00000000000000001000000000000000) Importer(815301076,1909f56bfc062723c751e8b465ee728b)  -> (artifact id: 'e4856052512617ee48189cf1d7999900') in 0.002631 seconds
  Import took 0.011926 seconds .

========================================================================
Received Import Request.
  Time since last request: 0.920304 seconds.
  path: Assets/Scenes
  artifactKey: Guid(8c0629ca0fd88224ea57427ebe327b03) Importer(815301076,1909f56bfc062723c751e8b465ee728b)
Start importing Assets/Scenes using Guid(8c0629ca0fd88224ea57427ebe327b03) Importer(815301076,1909f56bfc062723c751e8b465ee728b)  -> (artifact id: 'e73c0c727e25cf23de9cd7290e801497') in 0.007564 seconds
  Import took 0.017196 seconds .

========================================================================
Received Import Request.
  Time since last request: 8.740030 seconds.
  path: Assets/Scenes/Game.unity
  artifactKey: Guid(cceef5f96891f074fb02d0d2e9ceab97) Importer(815301076,1909f56bfc062723c751e8b465ee728b)
Start importing Assets/Scenes/Game.unity using Guid(cceef5f96891f074fb02d0d2e9ceab97) Importer(815301076,1909f56bfc062723c751e8b465ee728b)  -> (artifact id: '8a0a3c9465ab2f434c8e7e8804e1fa26') in 0.012215 seconds
  Import took 0.022365 seconds .

========================================================================
Received Import Request.
  Time since last request: 0.001871 seconds.
  path: Assets/Scenes/Game.unity
  artifactKey: Guid(cceef5f96891f074fb02d0d2e9ceab97) Importer(815301076,1909f56bfc062723c751e8b465ee728b)
Start importing Assets/Scenes/Game.unity using Guid(cceef5f96891f074fb02d0d2e9ceab97) Importer(815301076,1909f56bfc062723c751e8b465ee728b)  -> (artifact id: '8a0a3c9465ab2f434c8e7e8804e1fa26') in 0.003853 seconds
  Import took 0.014362 seconds .

========================================================================
Received Import Request.
  Time since last request: 7.634129 seconds.
  path: Assets/Scenes/PersistantManager.unity
  artifactKey: Guid(f879dbaeb0930a34db5c07eee7a8ef9d) Importer(815301076,1909f56bfc062723c751e8b465ee728b)
Start importing Assets/Scenes/PersistantManager.unity using Guid(f879dbaeb0930a34db5c07eee7a8ef9d) Importer(815301076,1909f56bfc062723c751e8b465ee728b)  -> (artifact id: '859ee6b7a6d1f3fe29e2a50e26b955cb') in 0.009401 seconds
  Import took 0.023125 seconds .

========================================================================
Received Import Request.
  Time since last request: 6.056925 seconds.
  path: Assets/Scenes/Loading.unity
  artifactKey: Guid(5f49effc59494a04ab20ec64e14b0010) Importer(815301076,1909f56bfc062723c751e8b465ee728b)
Start importing Assets/Scenes/Loading.unity using Guid(5f49effc59494a04ab20ec64e14b0010) Importer(815301076,1909f56bfc062723c751e8b465ee728b)  -> (artifact id: 'eef52ab34b3a93586ee99b07ab9a199a') in 0.011884 seconds
  Import took 0.025678 seconds .

========================================================================
Received Import Request.
  Time since last request: 11.649098 seconds.
  path: Assets/Scenes/MainMenu.unity
  artifactKey: Guid(ebfca9cf9423f1c4db76e22b6c8c3036) Importer(815301076,1909f56bfc062723c751e8b465ee728b)
Start importing Assets/Scenes/MainMenu.unity using Guid(ebfca9cf9423f1c4db76e22b6c8c3036) Importer(815301076,1909f56bfc062723c751e8b465ee728b)  -> (artifact id: 'c912817715bba0de930c4aefc5a40c2d') in 0.007533 seconds
  Import took 0.020696 seconds .

========================================================================
Received Prepare
Registering precompiled user dll's ...
Registered in 0.001439 seconds.
Begin MonoManager ReloadAssembly
Native extension for WindowsStandalone target not found
Refreshing native plugins compatible for Editor in 0.78 ms, found 0 plugins.
Preloading 0 native plugins for Editor in 0.00 ms.
Mono: successfully reloaded assembly
- Completed reload, in  1.445 seconds
Platform modules already initialized, skipping
Shader 'TextMeshPro/Distance Field Overlay': fallback shader 'TextMeshPro/Mobile/Distance Field' not found
Shader 'TextMeshPro/Distance Field SSD': fallback shader 'TextMeshPro/Mobile/Distance Field' not found
Shader 'TextMeshPro/Distance Field': fallback shader 'TextMeshPro/Mobile/Distance Field' not found
Refreshing native plugins compatible for Editor in 0.69 ms, found 0 plugins.
Preloading 0 native plugins for Editor in 0.00 ms.
Unloading 3279 Unused Serialized files (Serialized files now loaded: 0)
System memory in use before: 161.1 MB.
System memory in use after: 156.7 MB.

Unloading 53 unused Assets to reduce memory usage. Loaded Objects now: 3939.
Total: 13.381500 ms (FindLiveObjects: 0.808700 ms CreateObjectMapping: 0.423200 ms MarkObjects: 5.286000 ms  DeleteObjects: 6.859900 ms)

========================================================================
Received Import Request.
  Time since last request: 1382.377588 seconds.
  path: Assets/Scenes/GameSettings.lighting
  artifactKey: Guid(c1c34800754cdee44a12c862bdc9f4be) Importer(815301076,1909f56bfc062723c751e8b465ee728b)
Start importing Assets/Scenes/GameSettings.lighting using Guid(c1c34800754cdee44a12c862bdc9f4be) Importer(815301076,1909f56bfc062723c751e8b465ee728b)  -> (artifact id: 'f4a56549256f653c63950b94d8ba3c5e') in 0.027471 seconds
  Import took 0.036694 seconds .

========================================================================
Received Import Request.
  Time since last request: 1.281136 seconds.
  path: Assets/Scenes/GameSettings.lighting
  artifactKey: Guid(c1c34800754cdee44a12c862bdc9f4be) Importer(815301076,1909f56bfc062723c751e8b465ee728b)
Start importing Assets/Scenes/GameSettings.lighting using Guid(c1c34800754cdee44a12c862bdc9f4be) Importer(815301076,1909f56bfc062723c751e8b465ee728b)  -> (artifact id: 'f4a56549256f653c63950b94d8ba3c5e') in 0.004120 seconds
  Import took 0.013388 seconds .

========================================================================
Received Import Request.
  Time since last request: 3.000675 seconds.
  path: Assets/Scenes/LoadingScreen.unity
  artifactKey: Guid(5e24f6262616cf248b6c81f43d0e3458) Importer(815301076,1909f56bfc062723c751e8b465ee728b)
Start importing Assets/Scenes/LoadingScreen.unity using Guid(5e24f6262616cf248b6c81f43d0e3458) Importer(815301076,1909f56bfc062723c751e8b465ee728b)  -> (artifact id: '70f6d7728ff177dd4c3f74ea53b9de8e') in 0.009281 seconds
  Import took 0.018232 seconds .

========================================================================
Received Import Request.
  Time since last request: 4.192727 seconds.
  path: Assets/Scenes/PersistentManagers.unity
  artifactKey: Guid(5ea8247c01c383b4683430c4c9cbb844) Importer(815301076,1909f56bfc062723c751e8b465ee728b)
Start importing Assets/Scenes/PersistentManagers.unity using Guid(5ea8247c01c383b4683430c4c9cbb844) Importer(815301076,1909f56bfc062723c751e8b465ee728b)  -> (artifact id: 'cd80f0569189ee65b5696c45cfeb214e') in 0.011196 seconds
  Import took 0.017798 seconds .

AssetImportWorkerClient::OnTransportError - code=2 error=End of file
